[INFO ] 2020-07-21 17:40:03 [main] c.s.s.f.SnowflakesApplication - Starting SnowflakesApplication on fengshij with PID 17698 (/Users/mac_sf/Desktop/Java/snowflakes/target/classes started by mac_sf in /Users/mac_sf/Desktop/Java/snowflakes)
[INFO ] 2020-07-21 17:40:03 [main] c.s.s.f.SnowflakesApplication - The following profiles are active: dev,db,mybatis,logging
[INFO ] 2020-07-21 17:40:03 [main] o.s.d.r.c.RepositoryConfigurationDelegate - Multiple Spring Data modules found, entering strict repository configuration mode!
[INFO ] 2020-07-21 17:40:03 [main] o.s.d.r.c.RepositoryConfigurationDelegate - Bootstrapping Spring Data Redis repositories in DEFAULT mode.
[INFO ] 2020-07-21 17:40:03 [main] o.s.d.r.c.RepositoryConfigurationDelegate - Finished Spring Data repository scanning in 4ms. Found 0 Redis repository interfaces.
[INFO ] 2020-07-21 17:40:03 [main] o.s.b.w.e.tomcat.TomcatWebServer - Tomcat initialized with port(s): 8081 (http)
[INFO ] 2020-07-21 17:40:03 [main] o.a.coyote.http11.Http11NioProtocol - Initializing ProtocolHandler ["http-nio-8081"]
[INFO ] 2020-07-21 17:40:03 [main] o.a.catalina.core.StandardService - Starting service [Tomcat]
[INFO ] 2020-07-21 17:40:03 [main] o.a.catalina.core.StandardEngine - Starting Servlet engine: [Apache Tomcat/9.0.36]
[INFO ] 2020-07-21 17:40:03 [main] o.a.c.c.C.[.[.[/snowflakes] - Initializing Spring embedded WebApplicationContext
[INFO ] 2020-07-21 17:40:03 [main] o.s.b.w.s.c.ServletWebServerApplicationContext - Root WebApplicationContext: initialization completed in 868 ms
[INFO ] 2020-07-21 17:40:03 [main] com.zaxxer.hikari.HikariDataSource - HikariPool-1 - Starting...
[INFO ] 2020-07-21 17:40:03 [main] com.zaxxer.hikari.HikariDataSource - HikariPool-1 - Start completed.
[INFO ] 2020-07-21 17:40:03 [main] o.s.s.c.ThreadPoolTaskExecutor - Initializing ExecutorService 'applicationTaskExecutor'
[INFO ] 2020-07-21 17:40:03 [main] o.a.coyote.http11.Http11NioProtocol - Starting ProtocolHandler ["http-nio-8081"]
[INFO ] 2020-07-21 17:40:03 [main] o.s.b.w.e.tomcat.TomcatWebServer - Tomcat started on port(s): 8081 (http) with context path '/snowflakes'
[INFO ] 2020-07-21 17:40:03 [main] c.s.s.f.SnowflakesApplication - Started SnowflakesApplication in 2.463 seconds (JVM running for 4.446)
[INFO ] 2020-07-21 17:40:03 [RMI TCP Connection(12)-127.0.0.1] o.s.b.a.SpringApplicationAdminMXBeanRegistrar$SpringApplicationAdmin - Application shutdown requested.
[INFO ] 2020-07-21 17:40:03 [RMI TCP Connection(12)-127.0.0.1] o.s.s.c.ThreadPoolTaskExecutor - Shutting down ExecutorService 'applicationTaskExecutor'
[INFO ] 2020-07-21 17:40:03 [RMI TCP Connection(12)-127.0.0.1] com.zaxxer.hikari.HikariDataSource - HikariPool-1 - Shutdown initiated...
[INFO ] 2020-07-21 17:40:03 [RMI TCP Connection(12)-127.0.0.1] com.zaxxer.hikari.HikariDataSource - HikariPool-1 - Shutdown completed.
[INFO ] 2020-07-21 17:44:44 [main] c.s.s.f.SnowflakesApplication - Starting SnowflakesApplication on fengshij with PID 17728 (/Users/mac_sf/Desktop/Java/snowflakes/target/classes started by mac_sf in /Users/mac_sf/Desktop/Java/snowflakes)
[INFO ] 2020-07-21 17:44:44 [main] c.s.s.f.SnowflakesApplication - The following profiles are active: dev,db,mybatis,logging
[INFO ] 2020-07-21 17:44:44 [main] o.s.d.r.c.RepositoryConfigurationDelegate - Multiple Spring Data modules found, entering strict repository configuration mode!
[INFO ] 2020-07-21 17:44:44 [main] o.s.d.r.c.RepositoryConfigurationDelegate - Bootstrapping Spring Data Redis repositories in DEFAULT mode.
[INFO ] 2020-07-21 17:44:44 [main] o.s.d.r.c.RepositoryConfigurationDelegate - Finished Spring Data repository scanning in 4ms. Found 0 Redis repository interfaces.
[INFO ] 2020-07-21 17:44:44 [main] o.s.b.w.e.tomcat.TomcatWebServer - Tomcat initialized with port(s): 8081 (http)
[INFO ] 2020-07-21 17:44:44 [main] o.a.coyote.http11.Http11NioProtocol - Initializing ProtocolHandler ["http-nio-8081"]
[INFO ] 2020-07-21 17:44:44 [main] o.a.catalina.core.StandardService - Starting service [Tomcat]
[INFO ] 2020-07-21 17:44:44 [main] o.a.catalina.core.StandardEngine - Starting Servlet engine: [Apache Tomcat/9.0.36]
[INFO ] 2020-07-21 17:44:44 [main] o.a.c.c.C.[.[.[/snowflakes] - Initializing Spring embedded WebApplicationContext
[INFO ] 2020-07-21 17:44:44 [main] o.s.b.w.s.c.ServletWebServerApplicationContext - Root WebApplicationContext: initialization completed in 891 ms
[INFO ] 2020-07-21 17:44:44 [main] com.zaxxer.hikari.HikariDataSource - HikariPool-1 - Starting...
[INFO ] 2020-07-21 17:44:44 [main] com.zaxxer.hikari.HikariDataSource - HikariPool-1 - Start completed.
[INFO ] 2020-07-21 17:44:44 [main] o.s.s.c.ThreadPoolTaskExecutor - Initializing ExecutorService 'applicationTaskExecutor'
[INFO ] 2020-07-21 17:44:44 [main] o.a.coyote.http11.Http11NioProtocol - Starting ProtocolHandler ["http-nio-8081"]
[INFO ] 2020-07-21 17:44:44 [main] o.s.b.w.e.tomcat.TomcatWebServer - Tomcat started on port(s): 8081 (http) with context path '/snowflakes'
[INFO ] 2020-07-21 17:44:44 [main] c.s.s.f.SnowflakesApplication - Started SnowflakesApplication in 3.46 seconds (JVM running for 6.497)
[INFO ] 2020-07-21 17:44:44 [RMI TCP Connection(8)-127.0.0.1] o.s.b.a.SpringApplicationAdminMXBeanRegistrar$SpringApplicationAdmin - Application shutdown requested.
[INFO ] 2020-07-21 17:44:44 [RMI TCP Connection(8)-127.0.0.1] o.s.s.c.ThreadPoolTaskExecutor - Shutting down ExecutorService 'applicationTaskExecutor'
[INFO ] 2020-07-21 17:44:44 [RMI TCP Connection(8)-127.0.0.1] com.zaxxer.hikari.HikariDataSource - HikariPool-1 - Shutdown initiated...
[INFO ] 2020-07-21 17:44:44 [RMI TCP Connection(8)-127.0.0.1] com.zaxxer.hikari.HikariDataSource - HikariPool-1 - Shutdown completed.
[INFO ] 2020-07-21 17:46:18 [main] c.s.s.f.SnowflakesApplication - Starting SnowflakesApplication on fengshij with PID 17741 (/Users/mac_sf/Desktop/Java/snowflakes/target/classes started by mac_sf in /Users/mac_sf/Desktop/Java/snowflakes)
[INFO ] 2020-07-21 17:46:18 [main] c.s.s.f.SnowflakesApplication - The following profiles are active: dev,db,mybatis,logging
[INFO ] 2020-07-21 17:46:18 [main] o.s.d.r.c.RepositoryConfigurationDelegate - Multiple Spring Data modules found, entering strict repository configuration mode!
[INFO ] 2020-07-21 17:46:18 [main] o.s.d.r.c.RepositoryConfigurationDelegate - Bootstrapping Spring Data Redis repositories in DEFAULT mode.
[INFO ] 2020-07-21 17:46:18 [main] o.s.d.r.c.RepositoryConfigurationDelegate - Finished Spring Data repository scanning in 4ms. Found 0 Redis repository interfaces.
[INFO ] 2020-07-21 17:49:17 [main] c.s.s.f.SnowflakesApplication - Starting SnowflakesApplication on fengshij with PID 17754 (/Users/mac_sf/Desktop/Java/snowflakes/target/classes started by mac_sf in /Users/mac_sf/Desktop/Java/snowflakes)
[INFO ] 2020-07-21 17:49:17 [main] c.s.s.f.SnowflakesApplication - The following profiles are active: dev,db,mybatis,logging
[INFO ] 2020-07-21 17:49:17 [main] o.s.d.r.c.RepositoryConfigurationDelegate - Multiple Spring Data modules found, entering strict repository configuration mode!
[INFO ] 2020-07-21 17:49:17 [main] o.s.d.r.c.RepositoryConfigurationDelegate - Bootstrapping Spring Data Redis repositories in DEFAULT mode.
[INFO ] 2020-07-21 17:49:17 [main] o.s.d.r.c.RepositoryConfigurationDelegate - Finished Spring Data repository scanning in 4ms. Found 0 Redis repository interfaces.
[INFO ] 2020-07-21 17:49:17 [main] o.s.b.w.e.tomcat.TomcatWebServer - Tomcat initialized with port(s): 8081 (http)
[INFO ] 2020-07-21 17:49:17 [main] o.a.coyote.http11.Http11NioProtocol - Initializing ProtocolHandler ["http-nio-8081"]
[INFO ] 2020-07-21 17:49:17 [main] o.a.catalina.core.StandardService - Starting service [Tomcat]
[INFO ] 2020-07-21 17:49:17 [main] o.a.catalina.core.StandardEngine - Starting Servlet engine: [Apache Tomcat/9.0.36]
[INFO ] 2020-07-21 17:49:17 [main] o.a.c.c.C.[.[.[/snowflakes] - Initializing Spring embedded WebApplicationContext
[INFO ] 2020-07-21 17:49:17 [main] o.s.b.w.s.c.ServletWebServerApplicationContext - Root WebApplicationContext: initialization completed in 994 ms
[INFO ] 2020-07-21 17:49:17 [main] com.zaxxer.hikari.HikariDataSource - HikariPool-1 - Starting...
[INFO ] 2020-07-21 17:49:17 [main] com.zaxxer.hikari.HikariDataSource - HikariPool-1 - Start completed.
[INFO ] 2020-07-21 17:49:17 [main] o.s.s.c.ThreadPoolTaskExecutor - Initializing ExecutorService 'applicationTaskExecutor'
[INFO ] 2020-07-21 17:49:17 [main] o.a.coyote.http11.Http11NioProtocol - Starting ProtocolHandler ["http-nio-8081"]
[INFO ] 2020-07-21 17:49:17 [main] o.s.b.w.e.tomcat.TomcatWebServer - Tomcat started on port(s): 8081 (http) with context path '/snowflakes'
[INFO ] 2020-07-21 17:49:17 [main] c.s.s.f.SnowflakesApplication - Started SnowflakesApplication in 3.283 seconds (JVM running for 5.692)
[INFO ] 2020-07-21 17:49:17 [RMI TCP Connection(6)-127.0.0.1] o.s.b.a.SpringApplicationAdminMXBeanRegistrar$SpringApplicationAdmin - Application shutdown requested.
[INFO ] 2020-07-21 17:49:17 [RMI TCP Connection(6)-127.0.0.1] o.s.s.c.ThreadPoolTaskExecutor - Shutting down ExecutorService 'applicationTaskExecutor'
[INFO ] 2020-07-21 17:49:17 [RMI TCP Connection(6)-127.0.0.1] com.zaxxer.hikari.HikariDataSource - HikariPool-1 - Shutdown initiated...
[INFO ] 2020-07-21 17:49:17 [RMI TCP Connection(6)-127.0.0.1] com.zaxxer.hikari.HikariDataSource - HikariPool-1 - Shutdown completed.
[INFO ] 2020-07-21 17:50:07 [main] c.s.s.f.SnowflakesApplication - Starting SnowflakesApplication on fengshij with PID 17759 (/Users/mac_sf/Desktop/Java/snowflakes/target/classes started by mac_sf in /Users/mac_sf/Desktop/Java/snowflakes)
[INFO ] 2020-07-21 17:50:07 [main] c.s.s.f.SnowflakesApplication - The following profiles are active: dev,db,mybatis,logging
[INFO ] 2020-07-21 17:50:07 [main] o.s.d.r.c.RepositoryConfigurationDelegate - Multiple Spring Data modules found, entering strict repository configuration mode!
[INFO ] 2020-07-21 17:50:07 [main] o.s.d.r.c.RepositoryConfigurationDelegate - Bootstrapping Spring Data Redis repositories in DEFAULT mode.
[INFO ] 2020-07-21 17:50:07 [main] o.s.d.r.c.RepositoryConfigurationDelegate - Finished Spring Data repository scanning in 5ms. Found 0 Redis repository interfaces.
[INFO ] 2020-07-21 17:50:07 [main] o.s.b.w.e.tomcat.TomcatWebServer - Tomcat initialized with port(s): 8081 (http)
[INFO ] 2020-07-21 17:50:07 [main] o.a.coyote.http11.Http11NioProtocol - Initializing ProtocolHandler ["http-nio-8081"]
[INFO ] 2020-07-21 17:50:07 [main] o.a.catalina.core.StandardService - Starting service [Tomcat]
[INFO ] 2020-07-21 17:50:07 [main] o.a.catalina.core.StandardEngine - Starting Servlet engine: [Apache Tomcat/9.0.36]
[INFO ] 2020-07-21 17:50:07 [main] o.a.c.c.C.[.[.[/snowflakes] - Initializing Spring embedded WebApplicationContext
[INFO ] 2020-07-21 17:50:07 [main] o.s.b.w.s.c.ServletWebServerApplicationContext - Root WebApplicationContext: initialization completed in 883 ms
[INFO ] 2020-07-21 17:50:07 [main] com.zaxxer.hikari.HikariDataSource - HikariPool-1 - Starting...
[INFO ] 2020-07-21 17:50:07 [main] com.zaxxer.hikari.HikariDataSource - HikariPool-1 - Start completed.
[INFO ] 2020-07-21 17:50:07 [main] o.s.s.c.ThreadPoolTaskExecutor - Initializing ExecutorService 'applicationTaskExecutor'
[INFO ] 2020-07-21 17:50:07 [main] o.a.coyote.http11.Http11NioProtocol - Starting ProtocolHandler ["http-nio-8081"]
[INFO ] 2020-07-21 17:50:07 [main] o.s.b.w.e.tomcat.TomcatWebServer - Tomcat started on port(s): 8081 (http) with context path '/snowflakes'
[INFO ] 2020-07-21 17:50:07 [main] c.s.s.f.SnowflakesApplication - Started SnowflakesApplication in 2.837 seconds (JVM running for 4.069)
[INFO ] 2020-07-21 17:50:07 [RMI TCP Connection(10)-127.0.0.1] o.s.b.a.SpringApplicationAdminMXBeanRegistrar$SpringApplicationAdmin - Application shutdown requested.
[INFO ] 2020-07-21 17:50:07 [RMI TCP Connection(10)-127.0.0.1] o.s.s.c.ThreadPoolTaskExecutor - Shutting down ExecutorService 'applicationTaskExecutor'
[INFO ] 2020-07-21 17:50:07 [RMI TCP Connection(10)-127.0.0.1] com.zaxxer.hikari.HikariDataSource - HikariPool-1 - Shutdown initiated...
[INFO ] 2020-07-21 17:50:07 [RMI TCP Connection(10)-127.0.0.1] com.zaxxer.hikari.HikariDataSource - HikariPool-1 - Shutdown completed.
[INFO ] 2020-07-21 17:58:33 [main] c.s.s.f.SnowflakesApplication - Starting SnowflakesApplication on fengshij with PID 17805 (/Users/mac_sf/Desktop/Java/snowflakes/target/classes started by mac_sf in /Users/mac_sf/Desktop/Java/snowflakes)
[INFO ] 2020-07-21 17:58:33 [main] c.s.s.f.SnowflakesApplication - The following profiles are active: dev,db,mybatis,logging
[INFO ] 2020-07-21 17:58:33 [main] o.s.d.r.c.RepositoryConfigurationDelegate - Multiple Spring Data modules found, entering strict repository configuration mode!
[INFO ] 2020-07-21 17:58:33 [main] o.s.d.r.c.RepositoryConfigurationDelegate - Bootstrapping Spring Data Redis repositories in DEFAULT mode.
[INFO ] 2020-07-21 17:58:33 [main] o.s.d.r.c.RepositoryConfigurationDelegate - Finished Spring Data repository scanning in 3ms. Found 0 Redis repository interfaces.
[INFO ] 2020-07-21 17:58:33 [main] o.s.b.w.e.tomcat.TomcatWebServer - Tomcat initialized with port(s): 8081 (http)
[INFO ] 2020-07-21 17:58:33 [main] o.a.coyote.http11.Http11NioProtocol - Initializing ProtocolHandler ["http-nio-8081"]
[INFO ] 2020-07-21 17:58:33 [main] o.a.catalina.core.StandardService - Starting service [Tomcat]
[INFO ] 2020-07-21 17:58:33 [main] o.a.catalina.core.StandardEngine - Starting Servlet engine: [Apache Tomcat/9.0.36]
[INFO ] 2020-07-21 17:58:33 [main] o.a.c.c.C.[.[.[/snowflakes] - Initializing Spring embedded WebApplicationContext
[INFO ] 2020-07-21 17:58:33 [main] o.s.b.w.s.c.ServletWebServerApplicationContext - Root WebApplicationContext: initialization completed in 837 ms
[INFO ] 2020-07-21 17:58:33 [main] com.zaxxer.hikari.HikariDataSource - HikariPool-1 - Starting...
[INFO ] 2020-07-21 17:58:33 [main] com.zaxxer.hikari.HikariDataSource - HikariPool-1 - Start completed.
[INFO ] 2020-07-21 17:58:33 [main] o.s.s.c.ThreadPoolTaskExecutor - Initializing ExecutorService 'applicationTaskExecutor'
[INFO ] 2020-07-21 17:58:33 [main] o.a.coyote.http11.Http11NioProtocol - Starting ProtocolHandler ["http-nio-8081"]
[INFO ] 2020-07-21 17:58:33 [main] o.s.b.w.e.tomcat.TomcatWebServer - Tomcat started on port(s): 8081 (http) with context path '/snowflakes'
[INFO ] 2020-07-21 17:58:33 [main] c.s.s.f.SnowflakesApplication - Started SnowflakesApplication in 2.632 seconds (JVM running for 4.151)
[INFO ] 2020-07-21 17:58:33 [RMI TCP Connection(7)-127.0.0.1] o.s.b.a.SpringApplicationAdminMXBeanRegistrar$SpringApplicationAdmin - Application shutdown requested.
[INFO ] 2020-07-21 17:58:33 [RMI TCP Connection(7)-127.0.0.1] o.s.s.c.ThreadPoolTaskExecutor - Shutting down ExecutorService 'applicationTaskExecutor'
[INFO ] 2020-07-21 17:58:33 [RMI TCP Connection(7)-127.0.0.1] com.zaxxer.hikari.HikariDataSource - HikariPool-1 - Shutdown initiated...
[INFO ] 2020-07-21 17:58:33 [RMI TCP Connection(7)-127.0.0.1] com.zaxxer.hikari.HikariDataSource - HikariPool-1 - Shutdown completed.
