[INFO ] 2020-07-22 10:33:03 [main] c.s.s.f.SnowflakesApplication - Starting SnowflakesApplication on fengshij with PID 18474 (/Users/mac_sf/Desktop/Java/snowflakes/target/classes started by mac_sf in /Users/mac_sf/Desktop/Java/snowflakes)
[INFO ] 2020-07-22 10:33:03 [main] c.s.s.f.SnowflakesApplication - The following profiles are active: dev,db,mybatis,logging,ue
[INFO ] 2020-07-22 10:33:03 [main] o.s.d.r.c.RepositoryConfigurationDelegate - Multiple Spring Data modules found, entering strict repository configuration mode!
[INFO ] 2020-07-22 10:33:03 [main] o.s.d.r.c.RepositoryConfigurationDelegate - Bootstrapping Spring Data Redis repositories in DEFAULT mode.
[INFO ] 2020-07-22 10:33:03 [main] o.s.d.r.c.RepositoryConfigurationDelegate - Finished Spring Data repository scanning in 4ms. Found 0 Redis repository interfaces.
[INFO ] 2020-07-22 10:33:03 [main] o.s.b.w.e.tomcat.TomcatWebServer - Tomcat initialized with port(s): 8081 (http)
[INFO ] 2020-07-22 10:33:03 [main] o.a.coyote.http11.Http11NioProtocol - Initializing ProtocolHandler ["http-nio-8081"]
[INFO ] 2020-07-22 10:33:03 [main] o.a.catalina.core.StandardService - Starting service [Tomcat]
[INFO ] 2020-07-22 10:33:03 [main] o.a.catalina.core.StandardEngine - Starting Servlet engine: [Apache Tomcat/9.0.36]
[INFO ] 2020-07-22 10:33:03 [main] o.a.c.c.C.[.[.[/snowflakes] - Initializing Spring embedded WebApplicationContext
[INFO ] 2020-07-22 10:33:03 [main] o.s.b.w.s.c.ServletWebServerApplicationContext - Root WebApplicationContext: initialization completed in 1127 ms
[INFO ] 2020-07-22 10:33:03 [main] com.zaxxer.hikari.HikariDataSource - HikariPool-1 - Starting...
[INFO ] 2020-07-22 10:33:03 [main] com.zaxxer.hikari.HikariDataSource - HikariPool-1 - Start completed.
[INFO ] 2020-07-22 10:33:03 [main] o.s.s.c.ThreadPoolTaskExecutor - Initializing ExecutorService 'applicationTaskExecutor'
[INFO ] 2020-07-22 10:33:03 [main] o.a.coyote.http11.Http11NioProtocol - Starting ProtocolHandler ["http-nio-8081"]
[INFO ] 2020-07-22 10:33:03 [main] o.s.b.w.e.tomcat.TomcatWebServer - Tomcat started on port(s): 8081 (http) with context path '/snowflakes'
[INFO ] 2020-07-22 10:33:03 [main] c.s.s.f.SnowflakesApplication - Started SnowflakesApplication in 2.945 seconds (JVM running for 4.722)
[INFO ] 2020-07-22 10:33:03 [RMI TCP Connection(10)-127.0.0.1] o.s.b.a.SpringApplicationAdminMXBeanRegistrar$SpringApplicationAdmin - Application shutdown requested.
[INFO ] 2020-07-22 10:33:03 [RMI TCP Connection(10)-127.0.0.1] o.s.s.c.ThreadPoolTaskExecutor - Shutting down ExecutorService 'applicationTaskExecutor'
[INFO ] 2020-07-22 10:33:03 [RMI TCP Connection(10)-127.0.0.1] com.zaxxer.hikari.HikariDataSource - HikariPool-1 - Shutdown initiated...
[INFO ] 2020-07-22 10:33:03 [RMI TCP Connection(10)-127.0.0.1] com.zaxxer.hikari.HikariDataSource - HikariPool-1 - Shutdown completed.
[INFO ] 2020-07-22 10:33:47 [main] c.s.s.f.SnowflakesApplication - Starting SnowflakesApplication on fengshij with PID 18482 (/Users/mac_sf/Desktop/Java/snowflakes/target/classes started by mac_sf in /Users/mac_sf/Desktop/Java/snowflakes)
[INFO ] 2020-07-22 10:33:47 [main] c.s.s.f.SnowflakesApplication - The following profiles are active: dev,db,mybatis,logging,ue
[INFO ] 2020-07-22 10:33:47 [main] o.s.d.r.c.RepositoryConfigurationDelegate - Multiple Spring Data modules found, entering strict repository configuration mode!
[INFO ] 2020-07-22 10:33:47 [main] o.s.d.r.c.RepositoryConfigurationDelegate - Bootstrapping Spring Data Redis repositories in DEFAULT mode.
[INFO ] 2020-07-22 10:33:47 [main] o.s.d.r.c.RepositoryConfigurationDelegate - Finished Spring Data repository scanning in 5ms. Found 0 Redis repository interfaces.
[INFO ] 2020-07-22 10:33:47 [main] o.s.b.w.e.tomcat.TomcatWebServer - Tomcat initialized with port(s): 8081 (http)
[INFO ] 2020-07-22 10:33:47 [main] o.a.coyote.http11.Http11NioProtocol - Initializing ProtocolHandler ["http-nio-8081"]
[INFO ] 2020-07-22 10:33:47 [main] o.a.catalina.core.StandardService - Starting service [Tomcat]
[INFO ] 2020-07-22 10:33:47 [main] o.a.catalina.core.StandardEngine - Starting Servlet engine: [Apache Tomcat/9.0.36]
[INFO ] 2020-07-22 10:33:47 [main] o.a.c.c.C.[.[.[/snowflakes] - Initializing Spring embedded WebApplicationContext
[INFO ] 2020-07-22 10:33:47 [main] o.s.b.w.s.c.ServletWebServerApplicationContext - Root WebApplicationContext: initialization completed in 802 ms
[INFO ] 2020-07-22 10:33:47 [main] com.zaxxer.hikari.HikariDataSource - HikariPool-1 - Starting...
[INFO ] 2020-07-22 10:33:47 [main] com.zaxxer.hikari.HikariDataSource - HikariPool-1 - Start completed.
[INFO ] 2020-07-22 10:33:47 [main] o.s.s.c.ThreadPoolTaskExecutor - Initializing ExecutorService 'applicationTaskExecutor'
[INFO ] 2020-07-22 10:33:47 [main] o.a.coyote.http11.Http11NioProtocol - Starting ProtocolHandler ["http-nio-8081"]
[INFO ] 2020-07-22 10:33:47 [main] o.s.b.w.e.tomcat.TomcatWebServer - Tomcat started on port(s): 8081 (http) with context path '/snowflakes'
[INFO ] 2020-07-22 10:33:47 [main] c.s.s.f.SnowflakesApplication - Started SnowflakesApplication in 2.104 seconds (JVM running for 2.479)
[INFO ] 2020-07-22 10:34:16 [main] c.s.s.f.SnowflakesApplication - Starting SnowflakesApplication on fengshij with PID 18483 (/Users/mac_sf/Desktop/Java/snowflakes/target/classes started by mac_sf in /Users/mac_sf/Desktop/Java/snowflakes)
[INFO ] 2020-07-22 10:34:16 [main] c.s.s.f.SnowflakesApplication - The following profiles are active: dev,db,mybatis,logging
[INFO ] 2020-07-22 10:34:16 [main] o.s.d.r.c.RepositoryConfigurationDelegate - Multiple Spring Data modules found, entering strict repository configuration mode!
[INFO ] 2020-07-22 10:34:16 [main] o.s.d.r.c.RepositoryConfigurationDelegate - Bootstrapping Spring Data Redis repositories in DEFAULT mode.
[INFO ] 2020-07-22 10:34:16 [main] o.s.d.r.c.RepositoryConfigurationDelegate - Finished Spring Data repository scanning in 4ms. Found 0 Redis repository interfaces.
[INFO ] 2020-07-22 10:34:16 [main] o.s.b.w.e.tomcat.TomcatWebServer - Tomcat initialized with port(s): 8081 (http)
[INFO ] 2020-07-22 10:34:16 [main] o.a.coyote.http11.Http11NioProtocol - Initializing ProtocolHandler ["http-nio-8081"]
[INFO ] 2020-07-22 10:34:16 [main] o.a.catalina.core.StandardService - Starting service [Tomcat]
[INFO ] 2020-07-22 10:34:16 [main] o.a.catalina.core.StandardEngine - Starting Servlet engine: [Apache Tomcat/9.0.36]
[INFO ] 2020-07-22 10:34:16 [main] o.a.c.c.C.[.[.[/snowflakes] - Initializing Spring embedded WebApplicationContext
[INFO ] 2020-07-22 10:34:16 [main] o.s.b.w.s.c.ServletWebServerApplicationContext - Root WebApplicationContext: initialization completed in 899 ms
[INFO ] 2020-07-22 10:34:16 [main] com.zaxxer.hikari.HikariDataSource - HikariPool-1 - Starting...
[INFO ] 2020-07-22 10:34:16 [main] com.zaxxer.hikari.HikariDataSource - HikariPool-1 - Start completed.
[INFO ] 2020-07-22 10:34:16 [main] o.s.s.c.ThreadPoolTaskExecutor - Initializing ExecutorService 'applicationTaskExecutor'
[INFO ] 2020-07-22 10:34:16 [main] o.a.coyote.http11.Http11NioProtocol - Starting ProtocolHandler ["http-nio-8081"]
[INFO ] 2020-07-22 10:34:16 [main] o.s.s.c.ThreadPoolTaskExecutor - Shutting down ExecutorService 'applicationTaskExecutor'
[INFO ] 2020-07-22 10:34:16 [main] com.zaxxer.hikari.HikariDataSource - HikariPool-1 - Shutdown initiated...
[INFO ] 2020-07-22 10:34:16 [main] com.zaxxer.hikari.HikariDataSource - HikariPool-1 - Shutdown completed.
[INFO ] 2020-07-22 10:34:16 [main] o.a.coyote.http11.Http11NioProtocol - Pausing ProtocolHandler ["http-nio-8081"]
[INFO ] 2020-07-22 10:34:16 [main] o.a.catalina.core.StandardService - Stopping service [Tomcat]
[INFO ] 2020-07-22 10:34:16 [main] o.a.coyote.http11.Http11NioProtocol - Stopping ProtocolHandler ["http-nio-8081"]
[INFO ] 2020-07-22 10:34:16 [main] o.a.coyote.http11.Http11NioProtocol - Destroying ProtocolHandler ["http-nio-8081"]
[INFO ] 2020-07-22 10:33:47 [RMI TCP Connection(11)-127.0.0.1] o.s.b.a.SpringApplicationAdminMXBeanRegistrar$SpringApplicationAdmin - Application shutdown requested.
[INFO ] 2020-07-22 10:33:47 [RMI TCP Connection(11)-127.0.0.1] o.s.s.c.ThreadPoolTaskExecutor - Shutting down ExecutorService 'applicationTaskExecutor'
[INFO ] 2020-07-22 10:33:47 [RMI TCP Connection(11)-127.0.0.1] com.zaxxer.hikari.HikariDataSource - HikariPool-1 - Shutdown initiated...
[INFO ] 2020-07-22 10:33:47 [RMI TCP Connection(11)-127.0.0.1] com.zaxxer.hikari.HikariDataSource - HikariPool-1 - Shutdown completed.
[INFO ] 2020-07-22 10:34:49 [main] c.s.s.f.SnowflakesApplication - Starting SnowflakesApplication on fengshij with PID 18488 (/Users/mac_sf/Desktop/Java/snowflakes/target/classes started by mac_sf in /Users/mac_sf/Desktop/Java/snowflakes)
[INFO ] 2020-07-22 10:34:49 [main] c.s.s.f.SnowflakesApplication - The following profiles are active: dev,db,mybatis,logging
[INFO ] 2020-07-22 10:34:49 [main] o.s.d.r.c.RepositoryConfigurationDelegate - Multiple Spring Data modules found, entering strict repository configuration mode!
[INFO ] 2020-07-22 10:34:49 [main] o.s.d.r.c.RepositoryConfigurationDelegate - Bootstrapping Spring Data Redis repositories in DEFAULT mode.
[INFO ] 2020-07-22 10:34:49 [main] o.s.d.r.c.RepositoryConfigurationDelegate - Finished Spring Data repository scanning in 3ms. Found 0 Redis repository interfaces.
[INFO ] 2020-07-22 10:34:49 [main] o.s.b.w.e.tomcat.TomcatWebServer - Tomcat initialized with port(s): 8081 (http)
[INFO ] 2020-07-22 10:34:49 [main] o.a.coyote.http11.Http11NioProtocol - Initializing ProtocolHandler ["http-nio-8081"]
[INFO ] 2020-07-22 10:34:49 [main] o.a.catalina.core.StandardService - Starting service [Tomcat]
[INFO ] 2020-07-22 10:34:49 [main] o.a.catalina.core.StandardEngine - Starting Servlet engine: [Apache Tomcat/9.0.36]
[INFO ] 2020-07-22 10:34:49 [main] o.a.c.c.C.[.[.[/snowflakes] - Initializing Spring embedded WebApplicationContext
[INFO ] 2020-07-22 10:34:49 [main] o.s.b.w.s.c.ServletWebServerApplicationContext - Root WebApplicationContext: initialization completed in 840 ms
[INFO ] 2020-07-22 10:34:49 [main] com.zaxxer.hikari.HikariDataSource - HikariPool-1 - Starting...
[INFO ] 2020-07-22 10:34:49 [main] com.zaxxer.hikari.HikariDataSource - HikariPool-1 - Start completed.
[INFO ] 2020-07-22 10:34:49 [main] o.s.s.c.ThreadPoolTaskExecutor - Initializing ExecutorService 'applicationTaskExecutor'
[INFO ] 2020-07-22 10:34:49 [main] o.a.coyote.http11.Http11NioProtocol - Starting ProtocolHandler ["http-nio-8081"]
[INFO ] 2020-07-22 10:34:49 [main] o.s.b.w.e.tomcat.TomcatWebServer - Tomcat started on port(s): 8081 (http) with context path '/snowflakes'
[INFO ] 2020-07-22 10:34:49 [main] c.s.s.f.SnowflakesApplication - Started SnowflakesApplication in 2.094 seconds (JVM running for 2.468)
[INFO ] 2020-07-22 10:34:49 [RMI TCP Connection(6)-127.0.0.1] o.s.b.a.SpringApplicationAdminMXBeanRegistrar$SpringApplicationAdmin - Application shutdown requested.
[INFO ] 2020-07-22 10:34:49 [RMI TCP Connection(6)-127.0.0.1] o.s.s.c.ThreadPoolTaskExecutor - Shutting down ExecutorService 'applicationTaskExecutor'
[INFO ] 2020-07-22 10:34:49 [RMI TCP Connection(6)-127.0.0.1] com.zaxxer.hikari.HikariDataSource - HikariPool-1 - Shutdown initiated...
[INFO ] 2020-07-22 10:34:49 [RMI TCP Connection(6)-127.0.0.1] com.zaxxer.hikari.HikariDataSource - HikariPool-1 - Shutdown completed.
[INFO ] 2020-07-22 10:35:28 [main] c.s.s.f.SnowflakesApplication - Starting SnowflakesApplication on fengshij with PID 18490 (/Users/mac_sf/Desktop/Java/snowflakes/target/classes started by mac_sf in /Users/mac_sf/Desktop/Java/snowflakes)
[INFO ] 2020-07-22 10:35:28 [main] c.s.s.f.SnowflakesApplication - The following profiles are active: dev,db,mybatis,logging
[INFO ] 2020-07-22 10:35:28 [main] o.s.d.r.c.RepositoryConfigurationDelegate - Multiple Spring Data modules found, entering strict repository configuration mode!
[INFO ] 2020-07-22 10:35:28 [main] o.s.d.r.c.RepositoryConfigurationDelegate - Bootstrapping Spring Data Redis repositories in DEFAULT mode.
[INFO ] 2020-07-22 10:35:28 [main] o.s.d.r.c.RepositoryConfigurationDelegate - Finished Spring Data repository scanning in 4ms. Found 0 Redis repository interfaces.
[INFO ] 2020-07-22 10:35:28 [main] o.s.b.w.e.tomcat.TomcatWebServer - Tomcat initialized with port(s): 8081 (http)
[INFO ] 2020-07-22 10:35:28 [main] o.a.coyote.http11.Http11NioProtocol - Initializing ProtocolHandler ["http-nio-8081"]
[INFO ] 2020-07-22 10:35:28 [main] o.a.catalina.core.StandardService - Starting service [Tomcat]
[INFO ] 2020-07-22 10:35:28 [main] o.a.catalina.core.StandardEngine - Starting Servlet engine: [Apache Tomcat/9.0.36]
[INFO ] 2020-07-22 10:35:28 [main] o.a.c.c.C.[.[.[/snowflakes] - Initializing Spring embedded WebApplicationContext
[INFO ] 2020-07-22 10:35:28 [main] o.s.b.w.s.c.ServletWebServerApplicationContext - Root WebApplicationContext: initialization completed in 857 ms
[INFO ] 2020-07-22 10:35:28 [main] com.zaxxer.hikari.HikariDataSource - HikariPool-1 - Starting...
[INFO ] 2020-07-22 10:35:28 [main] com.zaxxer.hikari.HikariDataSource - HikariPool-1 - Start completed.
[INFO ] 2020-07-22 10:35:28 [main] o.s.s.c.ThreadPoolTaskExecutor - Initializing ExecutorService 'applicationTaskExecutor'
[INFO ] 2020-07-22 10:35:28 [main] o.a.coyote.http11.Http11NioProtocol - Starting ProtocolHandler ["http-nio-8081"]
[INFO ] 2020-07-22 10:35:28 [main] o.s.b.w.e.tomcat.TomcatWebServer - Tomcat started on port(s): 8081 (http) with context path '/snowflakes'
[INFO ] 2020-07-22 10:35:28 [main] c.s.s.f.SnowflakesApplication - Started SnowflakesApplication in 2.121 seconds (JVM running for 3.524)
[INFO ] 2020-07-22 10:35:28 [RMI TCP Connection(2)-127.0.0.1] o.s.b.a.SpringApplicationAdminMXBeanRegistrar$SpringApplicationAdmin - Application shutdown requested.
[INFO ] 2020-07-22 10:35:28 [RMI TCP Connection(2)-127.0.0.1] o.s.s.c.ThreadPoolTaskExecutor - Shutting down ExecutorService 'applicationTaskExecutor'
[INFO ] 2020-07-22 10:35:28 [RMI TCP Connection(2)-127.0.0.1] com.zaxxer.hikari.HikariDataSource - HikariPool-1 - Shutdown initiated...
[INFO ] 2020-07-22 10:35:28 [RMI TCP Connection(2)-127.0.0.1] com.zaxxer.hikari.HikariDataSource - HikariPool-1 - Shutdown completed.
[INFO ] 2020-07-22 10:36:11 [main] c.s.s.f.SnowflakesApplication - Starting SnowflakesApplication on fengshij with PID 18508 (/Users/mac_sf/Desktop/Java/snowflakes/target/classes started by mac_sf in /Users/mac_sf/Desktop/Java/snowflakes)
[INFO ] 2020-07-22 10:36:11 [main] c.s.s.f.SnowflakesApplication - The following profiles are active: dev,db,mybatis,logging
[INFO ] 2020-07-22 10:36:11 [main] o.s.d.r.c.RepositoryConfigurationDelegate - Multiple Spring Data modules found, entering strict repository configuration mode!
[INFO ] 2020-07-22 10:36:11 [main] o.s.d.r.c.RepositoryConfigurationDelegate - Bootstrapping Spring Data Redis repositories in DEFAULT mode.
[INFO ] 2020-07-22 10:36:11 [main] o.s.d.r.c.RepositoryConfigurationDelegate - Finished Spring Data repository scanning in 4ms. Found 0 Redis repository interfaces.
[INFO ] 2020-07-22 10:36:11 [main] o.s.b.w.e.tomcat.TomcatWebServer - Tomcat initialized with port(s): 8081 (http)
[INFO ] 2020-07-22 10:36:11 [main] o.a.coyote.http11.Http11NioProtocol - Initializing ProtocolHandler ["http-nio-8081"]
[INFO ] 2020-07-22 10:36:11 [main] o.a.catalina.core.StandardService - Starting service [Tomcat]
[INFO ] 2020-07-22 10:36:11 [main] o.a.catalina.core.StandardEngine - Starting Servlet engine: [Apache Tomcat/9.0.36]
[INFO ] 2020-07-22 10:36:11 [main] o.a.c.c.C.[.[.[/snowflakes] - Initializing Spring embedded WebApplicationContext
[INFO ] 2020-07-22 10:36:11 [main] o.s.b.w.s.c.ServletWebServerApplicationContext - Root WebApplicationContext: initialization completed in 881 ms
[INFO ] 2020-07-22 10:36:11 [main] com.zaxxer.hikari.HikariDataSource - HikariPool-1 - Starting...
[INFO ] 2020-07-22 10:36:11 [main] com.zaxxer.hikari.HikariDataSource - HikariPool-1 - Start completed.
[INFO ] 2020-07-22 10:36:11 [main] o.s.s.c.ThreadPoolTaskExecutor - Initializing ExecutorService 'applicationTaskExecutor'
[INFO ] 2020-07-22 10:36:11 [main] o.a.coyote.http11.Http11NioProtocol - Starting ProtocolHandler ["http-nio-8081"]
[INFO ] 2020-07-22 10:36:11 [main] o.s.b.w.e.tomcat.TomcatWebServer - Tomcat started on port(s): 8081 (http) with context path '/snowflakes'
[INFO ] 2020-07-22 10:36:11 [main] c.s.s.f.SnowflakesApplication - Started SnowflakesApplication in 2.174 seconds (JVM running for 2.556)
[INFO ] 2020-07-22 10:36:11 [http-nio-8081-exec-4] o.a.c.c.C.[.[.[/snowflakes] - Initializing Spring DispatcherServlet 'dispatcherServlet'
[INFO ] 2020-07-22 10:36:11 [http-nio-8081-exec-4] o.s.web.servlet.DispatcherServlet - Initializing Servlet 'dispatcherServlet'
[INFO ] 2020-07-22 10:36:11 [http-nio-8081-exec-4] o.s.web.servlet.DispatcherServlet - Completed initialization in 7 ms
[INFO ] 2020-07-22 10:36:11 [http-nio-8081-exec-10] c.s.s.f.controller.UserController - logback-spring.xml整合成功！
[INFO ] 2020-07-22 10:36:11 [http-nio-8081-exec-2] c.s.s.f.controller.UserController - logback-spring.xml整合成功！
[INFO ] 2020-07-22 10:36:11 [http-nio-8081-exec-3] c.s.s.f.controller.UserController - logback-spring.xml整合成功！
[INFO ] 2020-07-22 10:36:11 [RMI TCP Connection(11)-127.0.0.1] o.s.b.a.SpringApplicationAdminMXBeanRegistrar$SpringApplicationAdmin - Application shutdown requested.
[INFO ] 2020-07-22 10:36:11 [RMI TCP Connection(11)-127.0.0.1] o.s.s.c.ThreadPoolTaskExecutor - Shutting down ExecutorService 'applicationTaskExecutor'
[INFO ] 2020-07-22 10:36:11 [RMI TCP Connection(11)-127.0.0.1] com.zaxxer.hikari.HikariDataSource - HikariPool-1 - Shutdown initiated...
[INFO ] 2020-07-22 10:36:11 [RMI TCP Connection(11)-127.0.0.1] com.zaxxer.hikari.HikariDataSource - HikariPool-1 - Shutdown completed.
[INFO ] 2020-07-22 10:39:46 [main] c.s.s.f.SnowflakesApplication - Starting SnowflakesApplication on fengshij with PID 18525 (/Users/mac_sf/Desktop/Java/snowflakes/target/classes started by mac_sf in /Users/mac_sf/Desktop/Java/snowflakes)
[INFO ] 2020-07-22 10:39:46 [main] c.s.s.f.SnowflakesApplication - The following profiles are active: dev,db,mybatis,logging
[INFO ] 2020-07-22 10:39:46 [main] o.s.d.r.c.RepositoryConfigurationDelegate - Multiple Spring Data modules found, entering strict repository configuration mode!
[INFO ] 2020-07-22 10:39:46 [main] o.s.d.r.c.RepositoryConfigurationDelegate - Bootstrapping Spring Data Redis repositories in DEFAULT mode.
[INFO ] 2020-07-22 10:39:46 [main] o.s.d.r.c.RepositoryConfigurationDelegate - Finished Spring Data repository scanning in 4ms. Found 0 Redis repository interfaces.
[INFO ] 2020-07-22 10:39:46 [main] o.s.b.w.e.tomcat.TomcatWebServer - Tomcat initialized with port(s): 8081 (http)
[INFO ] 2020-07-22 10:39:46 [main] o.a.coyote.http11.Http11NioProtocol - Initializing ProtocolHandler ["http-nio-8081"]
[INFO ] 2020-07-22 10:39:46 [main] o.a.catalina.core.StandardService - Starting service [Tomcat]
[INFO ] 2020-07-22 10:39:46 [main] o.a.catalina.core.StandardEngine - Starting Servlet engine: [Apache Tomcat/9.0.36]
[INFO ] 2020-07-22 10:39:46 [main] o.a.c.c.C.[.[.[/snowflakes] - Initializing Spring embedded WebApplicationContext
[INFO ] 2020-07-22 10:39:46 [main] o.s.b.w.s.c.ServletWebServerApplicationContext - Root WebApplicationContext: initialization completed in 859 ms
[INFO ] 2020-07-22 10:39:46 [main] com.zaxxer.hikari.HikariDataSource - HikariPool-1 - Starting...
[INFO ] 2020-07-22 10:39:46 [main] com.zaxxer.hikari.HikariDataSource - HikariPool-1 - Start completed.
[INFO ] 2020-07-22 10:39:46 [main] o.s.s.c.ThreadPoolTaskExecutor - Initializing ExecutorService 'applicationTaskExecutor'
[INFO ] 2020-07-22 10:39:46 [main] o.a.coyote.http11.Http11NioProtocol - Starting ProtocolHandler ["http-nio-8081"]
[INFO ] 2020-07-22 10:39:46 [main] o.s.b.w.e.tomcat.TomcatWebServer - Tomcat started on port(s): 8081 (http) with context path '/snowflakes'
[INFO ] 2020-07-22 10:39:46 [main] c.s.s.f.SnowflakesApplication - Started SnowflakesApplication in 5.794 seconds (JVM running for 10.504)
[INFO ] 2020-07-22 10:39:46 [RMI TCP Connection(2)-127.0.0.1] o.s.b.a.SpringApplicationAdminMXBeanRegistrar$SpringApplicationAdmin - Application shutdown requested.
[INFO ] 2020-07-22 10:39:46 [RMI TCP Connection(2)-127.0.0.1] o.s.s.c.ThreadPoolTaskExecutor - Shutting down ExecutorService 'applicationTaskExecutor'
[INFO ] 2020-07-22 10:39:46 [RMI TCP Connection(2)-127.0.0.1] com.zaxxer.hikari.HikariDataSource - HikariPool-1 - Shutdown initiated...
[INFO ] 2020-07-22 10:39:46 [RMI TCP Connection(2)-127.0.0.1] com.zaxxer.hikari.HikariDataSource - HikariPool-1 - Shutdown completed.
[INFO ] 2020-07-22 10:40:26 [main] c.s.s.f.SnowflakesApplication - Starting SnowflakesApplication on fengshij with PID 18529 (/Users/mac_sf/Desktop/Java/snowflakes/target/classes started by mac_sf in /Users/mac_sf/Desktop/Java/snowflakes)
[INFO ] 2020-07-22 10:40:26 [main] c.s.s.f.SnowflakesApplication - The following profiles are active: dev,db,mybatis,logging
[INFO ] 2020-07-22 10:40:26 [main] o.s.d.r.c.RepositoryConfigurationDelegate - Multiple Spring Data modules found, entering strict repository configuration mode!
[INFO ] 2020-07-22 10:40:26 [main] o.s.d.r.c.RepositoryConfigurationDelegate - Bootstrapping Spring Data Redis repositories in DEFAULT mode.
[INFO ] 2020-07-22 10:40:26 [main] o.s.d.r.c.RepositoryConfigurationDelegate - Finished Spring Data repository scanning in 4ms. Found 0 Redis repository interfaces.
[INFO ] 2020-07-22 10:40:26 [main] o.s.b.w.e.tomcat.TomcatWebServer - Tomcat initialized with port(s): 8081 (http)
[INFO ] 2020-07-22 10:40:26 [main] o.a.coyote.http11.Http11NioProtocol - Initializing ProtocolHandler ["http-nio-8081"]
[INFO ] 2020-07-22 10:40:26 [main] o.a.catalina.core.StandardService - Starting service [Tomcat]
[INFO ] 2020-07-22 10:40:26 [main] o.a.catalina.core.StandardEngine - Starting Servlet engine: [Apache Tomcat/9.0.36]
[INFO ] 2020-07-22 10:40:26 [main] o.a.c.c.C.[.[.[/snowflakes] - Initializing Spring embedded WebApplicationContext
[INFO ] 2020-07-22 10:40:26 [main] o.s.b.w.s.c.ServletWebServerApplicationContext - Root WebApplicationContext: initialization completed in 843 ms
[INFO ] 2020-07-22 10:40:26 [main] com.zaxxer.hikari.HikariDataSource - HikariPool-1 - Starting...
[INFO ] 2020-07-22 10:40:26 [main] com.zaxxer.hikari.HikariDataSource - HikariPool-1 - Start completed.
[INFO ] 2020-07-22 10:40:26 [main] o.s.s.c.ThreadPoolTaskExecutor - Initializing ExecutorService 'applicationTaskExecutor'
[INFO ] 2020-07-22 10:40:26 [main] o.a.coyote.http11.Http11NioProtocol - Starting ProtocolHandler ["http-nio-8081"]
[INFO ] 2020-07-22 10:40:26 [main] o.s.b.w.e.tomcat.TomcatWebServer - Tomcat started on port(s): 8081 (http) with context path '/snowflakes'
[INFO ] 2020-07-22 10:40:26 [main] c.s.s.f.SnowflakesApplication - Started SnowflakesApplication in 2.117 seconds (JVM running for 2.499)
[INFO ] 2020-07-22 10:40:26 [RMI TCP Connection(7)-127.0.0.1] o.s.b.a.SpringApplicationAdminMXBeanRegistrar$SpringApplicationAdmin - Application shutdown requested.
[INFO ] 2020-07-22 10:40:26 [RMI TCP Connection(7)-127.0.0.1] o.s.s.c.ThreadPoolTaskExecutor - Shutting down ExecutorService 'applicationTaskExecutor'
[INFO ] 2020-07-22 10:40:26 [RMI TCP Connection(7)-127.0.0.1] com.zaxxer.hikari.HikariDataSource - HikariPool-1 - Shutdown initiated...
[INFO ] 2020-07-22 10:40:26 [RMI TCP Connection(7)-127.0.0.1] com.zaxxer.hikari.HikariDataSource - HikariPool-1 - Shutdown completed.
[INFO ] 2020-07-22 10:41:02 [main] c.s.s.f.SnowflakesApplication - Starting SnowflakesApplication on fengshij with PID 18530 (/Users/mac_sf/Desktop/Java/snowflakes/target/classes started by mac_sf in /Users/mac_sf/Desktop/Java/snowflakes)
[INFO ] 2020-07-22 10:41:02 [main] c.s.s.f.SnowflakesApplication - The following profiles are active: dev,db,mybatis,logging
[INFO ] 2020-07-22 10:41:02 [main] o.s.d.r.c.RepositoryConfigurationDelegate - Multiple Spring Data modules found, entering strict repository configuration mode!
[INFO ] 2020-07-22 10:41:02 [main] o.s.d.r.c.RepositoryConfigurationDelegate - Bootstrapping Spring Data Redis repositories in DEFAULT mode.
[INFO ] 2020-07-22 10:41:02 [main] o.s.d.r.c.RepositoryConfigurationDelegate - Finished Spring Data repository scanning in 4ms. Found 0 Redis repository interfaces.
[INFO ] 2020-07-22 10:41:02 [main] o.s.b.w.e.tomcat.TomcatWebServer - Tomcat initialized with port(s): 8081 (http)
[INFO ] 2020-07-22 10:41:02 [main] o.a.coyote.http11.Http11NioProtocol - Initializing ProtocolHandler ["http-nio-8081"]
[INFO ] 2020-07-22 10:41:02 [main] o.a.catalina.core.StandardService - Starting service [Tomcat]
[INFO ] 2020-07-22 10:41:02 [main] o.a.catalina.core.StandardEngine - Starting Servlet engine: [Apache Tomcat/9.0.36]
[INFO ] 2020-07-22 10:41:02 [main] o.a.c.c.C.[.[.[/snowflakes] - Initializing Spring embedded WebApplicationContext
[INFO ] 2020-07-22 10:41:02 [main] o.s.b.w.s.c.ServletWebServerApplicationContext - Root WebApplicationContext: initialization completed in 843 ms
[INFO ] 2020-07-22 10:41:02 [main] com.zaxxer.hikari.HikariDataSource - HikariPool-1 - Starting...
[INFO ] 2020-07-22 10:41:02 [main] com.zaxxer.hikari.HikariDataSource - HikariPool-1 - Start completed.
[INFO ] 2020-07-22 10:41:02 [main] o.s.s.c.ThreadPoolTaskExecutor - Initializing ExecutorService 'applicationTaskExecutor'
[INFO ] 2020-07-22 10:41:02 [main] o.a.coyote.http11.Http11NioProtocol - Starting ProtocolHandler ["http-nio-8081"]
[INFO ] 2020-07-22 10:41:02 [main] o.s.b.w.e.tomcat.TomcatWebServer - Tomcat started on port(s): 8081 (http) with context path '/snowflakes'
[INFO ] 2020-07-22 10:41:02 [main] c.s.s.f.SnowflakesApplication - Started SnowflakesApplication in 2.148 seconds (JVM running for 3.599)
[INFO ] 2020-07-22 10:41:02 [RMI TCP Connection(10)-127.0.0.1] o.s.b.a.SpringApplicationAdminMXBeanRegistrar$SpringApplicationAdmin - Application shutdown requested.
[INFO ] 2020-07-22 10:41:02 [RMI TCP Connection(10)-127.0.0.1] o.s.s.c.ThreadPoolTaskExecutor - Shutting down ExecutorService 'applicationTaskExecutor'
[INFO ] 2020-07-22 10:41:02 [RMI TCP Connection(10)-127.0.0.1] com.zaxxer.hikari.HikariDataSource - HikariPool-1 - Shutdown initiated...
[INFO ] 2020-07-22 10:41:02 [RMI TCP Connection(10)-127.0.0.1] com.zaxxer.hikari.HikariDataSource - HikariPool-1 - Shutdown completed.
[INFO ] 2020-07-22 10:46:36 [main] c.s.s.f.SnowflakesApplication - Starting SnowflakesApplication on fengshij with PID 18567 (/Users/mac_sf/Desktop/Java/snowflakes/target/classes started by mac_sf in /Users/mac_sf/Desktop/Java/snowflakes)
[INFO ] 2020-07-22 10:46:36 [main] c.s.s.f.SnowflakesApplication - The following profiles are active: dev,db,mybatis,logging,ue
[INFO ] 2020-07-22 10:46:36 [main] o.s.d.r.c.RepositoryConfigurationDelegate - Multiple Spring Data modules found, entering strict repository configuration mode!
[INFO ] 2020-07-22 10:46:36 [main] o.s.d.r.c.RepositoryConfigurationDelegate - Bootstrapping Spring Data Redis repositories in DEFAULT mode.
[INFO ] 2020-07-22 10:46:36 [main] o.s.d.r.c.RepositoryConfigurationDelegate - Finished Spring Data repository scanning in 4ms. Found 0 Redis repository interfaces.
[INFO ] 2020-07-22 10:46:36 [main] o.s.b.w.e.tomcat.TomcatWebServer - Tomcat initialized with port(s): 8081 (http)
[INFO ] 2020-07-22 10:46:36 [main] o.a.coyote.http11.Http11NioProtocol - Initializing ProtocolHandler ["http-nio-8081"]
[INFO ] 2020-07-22 10:46:36 [main] o.a.catalina.core.StandardService - Starting service [Tomcat]
[INFO ] 2020-07-22 10:46:36 [main] o.a.catalina.core.StandardEngine - Starting Servlet engine: [Apache Tomcat/9.0.36]
[INFO ] 2020-07-22 10:46:36 [main] o.a.c.c.C.[.[.[/snowflakes] - Initializing Spring embedded WebApplicationContext
[INFO ] 2020-07-22 10:46:36 [main] o.s.b.w.s.c.ServletWebServerApplicationContext - Root WebApplicationContext: initialization completed in 829 ms
[INFO ] 2020-07-22 10:46:36 [main] com.zaxxer.hikari.HikariDataSource - HikariPool-1 - Starting...
[INFO ] 2020-07-22 10:46:36 [main] com.zaxxer.hikari.HikariDataSource - HikariPool-1 - Start completed.
[INFO ] 2020-07-22 10:46:36 [main] o.s.s.c.ThreadPoolTaskExecutor - Initializing ExecutorService 'applicationTaskExecutor'
[INFO ] 2020-07-22 10:46:36 [main] o.a.coyote.http11.Http11NioProtocol - Starting ProtocolHandler ["http-nio-8081"]
[INFO ] 2020-07-22 10:46:36 [main] o.s.b.w.e.tomcat.TomcatWebServer - Tomcat started on port(s): 8081 (http) with context path '/snowflakes'
[INFO ] 2020-07-22 10:46:36 [main] c.s.s.f.SnowflakesApplication - Started SnowflakesApplication in 2.14 seconds (JVM running for 3.681)
[INFO ] 2020-07-22 10:46:36 [http-nio-8081-exec-1] o.a.c.c.C.[.[.[/snowflakes] - Initializing Spring DispatcherServlet 'dispatcherServlet'
[INFO ] 2020-07-22 10:46:36 [http-nio-8081-exec-1] o.s.web.servlet.DispatcherServlet - Initializing Servlet 'dispatcherServlet'
[INFO ] 2020-07-22 10:46:36 [http-nio-8081-exec-1] o.s.web.servlet.DispatcherServlet - Completed initialization in 5 ms
[INFO ] 2020-07-22 10:46:36 [http-nio-8081-exec-2] c.s.s.f.controller.UserController - Mybatis 通过xml方式，整合成功！
[INFO ] 2020-07-22 10:46:36 [RMI TCP Connection(15)-127.0.0.1] o.s.b.a.SpringApplicationAdminMXBeanRegistrar$SpringApplicationAdmin - Application shutdown requested.
[INFO ] 2020-07-22 10:46:36 [RMI TCP Connection(15)-127.0.0.1] o.s.s.c.ThreadPoolTaskExecutor - Shutting down ExecutorService 'applicationTaskExecutor'
[INFO ] 2020-07-22 10:46:36 [RMI TCP Connection(15)-127.0.0.1] com.zaxxer.hikari.HikariDataSource - HikariPool-1 - Shutdown initiated...
[INFO ] 2020-07-22 10:46:36 [RMI TCP Connection(15)-127.0.0.1] com.zaxxer.hikari.HikariDataSource - HikariPool-1 - Shutdown completed.
[INFO ] 2020-07-22 16:06:31 [main] c.s.s.f.SnowflakesApplication - Starting SnowflakesApplication on fengshij with PID 19329 (/Users/mac_sf/Desktop/Java/snowflakes/target/classes started by mac_sf in /Users/mac_sf/Desktop/Java/snowflakes)
[INFO ] 2020-07-22 16:06:31 [main] c.s.s.f.SnowflakesApplication - The following profiles are active: dev,db,mybatis,logging,ue
[INFO ] 2020-07-22 16:06:31 [main] o.s.d.r.c.RepositoryConfigurationDelegate - Multiple Spring Data modules found, entering strict repository configuration mode!
[INFO ] 2020-07-22 16:06:31 [main] o.s.d.r.c.RepositoryConfigurationDelegate - Bootstrapping Spring Data Redis repositories in DEFAULT mode.
[INFO ] 2020-07-22 16:06:31 [main] o.s.d.r.c.RepositoryConfigurationDelegate - Finished Spring Data repository scanning in 5ms. Found 0 Redis repository interfaces.
[INFO ] 2020-07-22 16:06:31 [main] o.s.b.w.e.tomcat.TomcatWebServer - Tomcat initialized with port(s): 8081 (http)
[INFO ] 2020-07-22 16:06:31 [main] o.a.coyote.http11.Http11NioProtocol - Initializing ProtocolHandler ["http-nio-8081"]
[INFO ] 2020-07-22 16:06:31 [main] o.a.catalina.core.StandardService - Starting service [Tomcat]
[INFO ] 2020-07-22 16:06:31 [main] o.a.catalina.core.StandardEngine - Starting Servlet engine: [Apache Tomcat/9.0.36]
[INFO ] 2020-07-22 16:06:31 [main] o.a.c.c.C.[.[.[/snowflakes] - Initializing Spring embedded WebApplicationContext
[INFO ] 2020-07-22 16:06:31 [main] o.s.b.w.s.c.ServletWebServerApplicationContext - Root WebApplicationContext: initialization completed in 888 ms
[INFO ] 2020-07-22 16:06:31 [main] com.zaxxer.hikari.HikariDataSource - HikariPool-1 - Starting...
[INFO ] 2020-07-22 16:06:31 [main] com.zaxxer.hikari.HikariDataSource - HikariPool-1 - Start completed.
[INFO ] 2020-07-22 16:06:31 [main] o.s.s.c.ThreadPoolTaskExecutor - Initializing ExecutorService 'applicationTaskExecutor'
[INFO ] 2020-07-22 16:06:31 [main] o.a.coyote.http11.Http11NioProtocol - Starting ProtocolHandler ["http-nio-8081"]
[INFO ] 2020-07-22 16:06:31 [main] o.s.b.w.e.tomcat.TomcatWebServer - Tomcat started on port(s): 8081 (http) with context path '/snowflakes'
[INFO ] 2020-07-22 16:06:31 [main] c.s.s.f.SnowflakesApplication - Started SnowflakesApplication in 2.344 seconds (JVM running for 3.865)
[INFO ] 2020-07-22 16:06:31 [http-nio-8081-exec-1] o.a.c.c.C.[.[.[/snowflakes] - Initializing Spring DispatcherServlet 'dispatcherServlet'
[INFO ] 2020-07-22 16:06:31 [http-nio-8081-exec-1] o.s.web.servlet.DispatcherServlet - Initializing Servlet 'dispatcherServlet'
[INFO ] 2020-07-22 16:06:31 [http-nio-8081-exec-1] o.s.web.servlet.DispatcherServlet - Completed initialization in 5 ms
[INFO ] 2020-07-22 16:06:31 [RMI TCP Connection(10)-127.0.0.1] o.s.b.a.SpringApplicationAdminMXBeanRegistrar$SpringApplicationAdmin - Application shutdown requested.
[INFO ] 2020-07-22 16:06:31 [RMI TCP Connection(10)-127.0.0.1] o.s.s.c.ThreadPoolTaskExecutor - Shutting down ExecutorService 'applicationTaskExecutor'
[INFO ] 2020-07-22 16:06:31 [RMI TCP Connection(10)-127.0.0.1] com.zaxxer.hikari.HikariDataSource - HikariPool-1 - Shutdown initiated...
[INFO ] 2020-07-22 16:06:31 [RMI TCP Connection(10)-127.0.0.1] com.zaxxer.hikari.HikariDataSource - HikariPool-1 - Shutdown completed.
[INFO ] 2020-07-22 16:08:06 [main] c.s.s.f.SnowflakesApplication - Starting SnowflakesApplication on fengshij with PID 19340 (/Users/mac_sf/Desktop/Java/snowflakes/target/classes started by mac_sf in /Users/mac_sf/Desktop/Java/snowflakes)
[INFO ] 2020-07-22 16:08:06 [main] c.s.s.f.SnowflakesApplication - The following profiles are active: dev,db,mybatis,logging,ue
[INFO ] 2020-07-22 16:08:06 [main] o.s.d.r.c.RepositoryConfigurationDelegate - Multiple Spring Data modules found, entering strict repository configuration mode!
[INFO ] 2020-07-22 16:08:06 [main] o.s.d.r.c.RepositoryConfigurationDelegate - Bootstrapping Spring Data Redis repositories in DEFAULT mode.
[INFO ] 2020-07-22 16:08:06 [main] o.s.d.r.c.RepositoryConfigurationDelegate - Finished Spring Data repository scanning in 4ms. Found 0 Redis repository interfaces.
[INFO ] 2020-07-22 16:08:06 [main] o.s.b.w.e.tomcat.TomcatWebServer - Tomcat initialized with port(s): 8081 (http)
[INFO ] 2020-07-22 16:08:06 [main] o.a.coyote.http11.Http11NioProtocol - Initializing ProtocolHandler ["http-nio-8081"]
[INFO ] 2020-07-22 16:08:06 [main] o.a.catalina.core.StandardService - Starting service [Tomcat]
[INFO ] 2020-07-22 16:08:06 [main] o.a.catalina.core.StandardEngine - Starting Servlet engine: [Apache Tomcat/9.0.36]
[INFO ] 2020-07-22 16:08:06 [main] o.a.c.c.C.[.[.[/snowflakes] - Initializing Spring embedded WebApplicationContext
[INFO ] 2020-07-22 16:08:06 [main] o.s.b.w.s.c.ServletWebServerApplicationContext - Root WebApplicationContext: initialization completed in 824 ms
[INFO ] 2020-07-22 16:08:06 [main] com.zaxxer.hikari.HikariDataSource - HikariPool-1 - Starting...
[INFO ] 2020-07-22 16:08:06 [main] com.zaxxer.hikari.HikariDataSource - HikariPool-1 - Start completed.
[INFO ] 2020-07-22 16:08:06 [main] o.s.s.c.ThreadPoolTaskExecutor - Initializing ExecutorService 'applicationTaskExecutor'
[INFO ] 2020-07-22 16:08:06 [main] o.a.coyote.http11.Http11NioProtocol - Starting ProtocolHandler ["http-nio-8081"]
[INFO ] 2020-07-22 16:08:06 [main] o.s.b.w.e.tomcat.TomcatWebServer - Tomcat started on port(s): 8081 (http) with context path '/snowflakes'
[INFO ] 2020-07-22 16:08:06 [main] c.s.s.f.SnowflakesApplication - Started SnowflakesApplication in 2.107 seconds (JVM running for 3.521)
[INFO ] 2020-07-22 16:08:19 [main] c.s.s.f.SnowflakesApplication - Starting SnowflakesApplication on fengshij with PID 19341 (/Users/mac_sf/Desktop/Java/snowflakes/target/classes started by mac_sf in /Users/mac_sf/Desktop/Java/snowflakes)
[INFO ] 2020-07-22 16:08:19 [main] c.s.s.f.SnowflakesApplication - The following profiles are active: dev,db,mybatis,logging,ue
[INFO ] 2020-07-22 16:08:19 [main] o.s.d.r.c.RepositoryConfigurationDelegate - Multiple Spring Data modules found, entering strict repository configuration mode!
[INFO ] 2020-07-22 16:08:19 [main] o.s.d.r.c.RepositoryConfigurationDelegate - Bootstrapping Spring Data Redis repositories in DEFAULT mode.
[INFO ] 2020-07-22 16:08:19 [main] o.s.d.r.c.RepositoryConfigurationDelegate - Finished Spring Data repository scanning in 4ms. Found 0 Redis repository interfaces.
[INFO ] 2020-07-22 16:08:19 [main] o.s.b.w.e.tomcat.TomcatWebServer - Tomcat initialized with port(s): 8081 (http)
[INFO ] 2020-07-22 16:08:19 [main] o.a.coyote.http11.Http11NioProtocol - Initializing ProtocolHandler ["http-nio-8081"]
[INFO ] 2020-07-22 16:08:19 [main] o.a.catalina.core.StandardService - Starting service [Tomcat]
[INFO ] 2020-07-22 16:08:19 [main] o.a.catalina.core.StandardEngine - Starting Servlet engine: [Apache Tomcat/9.0.36]
[INFO ] 2020-07-22 16:08:19 [main] o.a.c.c.C.[.[.[/snowflakes] - Initializing Spring embedded WebApplicationContext
[INFO ] 2020-07-22 16:08:19 [main] o.s.b.w.s.c.ServletWebServerApplicationContext - Root WebApplicationContext: initialization completed in 869 ms
[INFO ] 2020-07-22 16:08:19 [main] com.zaxxer.hikari.HikariDataSource - HikariPool-1 - Starting...
[INFO ] 2020-07-22 16:08:19 [main] com.zaxxer.hikari.HikariDataSource - HikariPool-1 - Start completed.
[INFO ] 2020-07-22 16:08:19 [main] o.s.s.c.ThreadPoolTaskExecutor - Initializing ExecutorService 'applicationTaskExecutor'
[INFO ] 2020-07-22 16:08:19 [main] o.a.coyote.http11.Http11NioProtocol - Starting ProtocolHandler ["http-nio-8081"]
[INFO ] 2020-07-22 16:08:19 [main] o.s.s.c.ThreadPoolTaskExecutor - Shutting down ExecutorService 'applicationTaskExecutor'
[INFO ] 2020-07-22 16:08:19 [main] com.zaxxer.hikari.HikariDataSource - HikariPool-1 - Shutdown initiated...
[INFO ] 2020-07-22 16:08:19 [main] com.zaxxer.hikari.HikariDataSource - HikariPool-1 - Shutdown completed.
[INFO ] 2020-07-22 16:08:19 [main] o.a.coyote.http11.Http11NioProtocol - Pausing ProtocolHandler ["http-nio-8081"]
[INFO ] 2020-07-22 16:08:19 [main] o.a.catalina.core.StandardService - Stopping service [Tomcat]
[INFO ] 2020-07-22 16:08:19 [main] o.a.coyote.http11.Http11NioProtocol - Stopping ProtocolHandler ["http-nio-8081"]
[INFO ] 2020-07-22 16:08:19 [main] o.a.coyote.http11.Http11NioProtocol - Destroying ProtocolHandler ["http-nio-8081"]
[INFO ] 2020-07-22 16:08:06 [http-nio-8081-exec-1] o.a.c.c.C.[.[.[/snowflakes] - Initializing Spring DispatcherServlet 'dispatcherServlet'
[INFO ] 2020-07-22 16:08:06 [http-nio-8081-exec-1] o.s.web.servlet.DispatcherServlet - Initializing Servlet 'dispatcherServlet'
[INFO ] 2020-07-22 16:08:06 [http-nio-8081-exec-1] o.s.web.servlet.DispatcherServlet - Completed initialization in 5 ms
[INFO ] 2020-07-22 16:08:06 [RMI TCP Connection(14)-127.0.0.1] o.s.b.a.SpringApplicationAdminMXBeanRegistrar$SpringApplicationAdmin - Application shutdown requested.
[INFO ] 2020-07-22 16:08:06 [RMI TCP Connection(14)-127.0.0.1] o.s.s.c.ThreadPoolTaskExecutor - Shutting down ExecutorService 'applicationTaskExecutor'
[INFO ] 2020-07-22 16:08:06 [RMI TCP Connection(14)-127.0.0.1] com.zaxxer.hikari.HikariDataSource - HikariPool-1 - Shutdown initiated...
[INFO ] 2020-07-22 16:08:06 [RMI TCP Connection(14)-127.0.0.1] com.zaxxer.hikari.HikariDataSource - HikariPool-1 - Shutdown completed.
